
===========================================================================
 report_power
============================================================================
======================= Fastest Corner ===================================

Group                  Internal  Switching    Leakage      Total
                          Power      Power      Power      Power (Watts)
----------------------------------------------------------------
Sequential             1.86e-03   6.25e-05   2.93e-07   1.92e-03  50.4%
Combinational          1.86e-04   1.90e-04   1.42e-08   3.76e-04   9.8%
Clock                  7.51e-04   7.68e-04   6.05e-09   1.52e-03  39.8%
Macro                  0.00e+00   0.00e+00   0.00e+00   0.00e+00   0.0%
Pad                    0.00e+00   0.00e+00   0.00e+00   0.00e+00   0.0%
----------------------------------------------------------------
Total                  2.80e-03   1.02e-03   3.13e-07   3.82e-03 100.0%
                          73.3%      26.7%       0.0%

======================= Slowest Corner ===================================

Group                  Internal  Switching    Leakage      Total
                          Power      Power      Power      Power (Watts)
----------------------------------------------------------------
Sequential             1.23e-03   4.04e-05   6.56e-06   1.28e-03  49.4%
Combinational          1.39e-04   1.24e-04   8.37e-06   2.71e-04  10.5%
Clock                  5.40e-04   4.96e-04   8.37e-07   1.04e-03  40.1%
Macro                  0.00e+00   0.00e+00   0.00e+00   0.00e+00   0.0%
Pad                    0.00e+00   0.00e+00   0.00e+00   0.00e+00   0.0%
----------------------------------------------------------------
Total                  1.91e-03   6.60e-04   1.58e-05   2.59e-03 100.0%
                          73.9%      25.5%       0.6%

======================= Typical Corner ===================================

Group                  Internal  Switching    Leakage      Total
                          Power      Power      Power      Power (Watts)
----------------------------------------------------------------
Sequential             1.60e-03   5.21e-05   2.91e-07   1.65e-03  50.3%
Combinational          1.70e-04   1.60e-04   6.76e-09   3.30e-04  10.0%
Clock                  6.58e-04   6.44e-04   4.04e-09   1.30e-03  39.6%
Macro                  0.00e+00   0.00e+00   0.00e+00   0.00e+00   0.0%
Pad                    0.00e+00   0.00e+00   0.00e+00   0.00e+00   0.0%
----------------------------------------------------------------
Total                  2.43e-03   8.56e-04   3.01e-07   3.29e-03 100.0%
                          73.9%      26.0%       0.0%

